<?xml version="1.0" encoding="UTF-8"?>
<!-- Generated by org.testng.reporters.JUnitReportReporter -->
<testsuite hostname="Miguel" failures="0" tests="5" name="Runner.runnerclass" time="67.492" errors="0" timestamp="2023-12-10T20:12:42 IST" skipped="0">
  <testcase classname="Runner.runnerclass" name="runScenario" time="10.964"/>
  <testcase classname="Runner.runnerclass" name="runScenario" time="10.763"/>
  <testcase classname="Runner.runnerclass" name="runScenario" time="23.741"/>
  <testcase classname="Runner.runnerclass" name="runScenario" time="6.432"/>
  <testcase classname="Runner.runnerclass" name="runScenario" time="15.592"/>
</testsuite> <!-- Runner.runnerclass -->
